<?xml version="1.0" encoding="UTF-8"?>
<testsuite xmlns:xsi="http://www.w3.org/2001/XMLSchema-instance" xsi:noNamespaceSchemaLocation="https://maven.apache.org/surefire/maven-surefire-plugin/xsd/surefire-test-report-3.0.xsd" version="3.0" name="com.PlaningPokerG2Backend.PlaningPokerG2Backend.PlaningPokerG2BackendApplicationTests" time="3.165" tests="1" errors="0" skipped="0" failures="0">
  <properties>
[...]
</properties>
  <testcase name="contextLoads" classname="com.PlaningPokerG2Backend.PlaningPokerG2Backend.PlaningPokerG2BackendApplicationTests" time="0.59">
    <system-out><![CDATA[12:27:40.989 [main] INFO org.springframework.test.context.support.AnnotationConfigContextLoaderUtils -- Could not detect default configuration classes for test class [com.PlaningPokerG2Backend.PlaningPokerG2Backend.PlaningPokerG2BackendApplicationTests]: PlaningPokerG2BackendApplicationTests does not declare any static, non-private, non-final, nested classes annotated with @Configuration.
12:27:41.080 [main] INFO org.springframework.boot.test.context.SpringBootTestContextBootstrapper -- Found @SpringBootConfiguration com.PlaningPokerG2Backend.PlaningPokerG2Backend.PlaningPokerG2BackendApplication for test class com.PlaningPokerG2Backend.PlaningPokerG2Backend.PlaningPokerG2BackendApplicationTests
12:27:41.213 [main] INFO org.springframework.boot.devtools.restart.RestartApplicationListener -- Restart disabled due to context in which it is running

  .   ____          _            __ _ _
 /\\ / ___'_ __ _ _(_)_ __  __ _ \ \ \ \
( ( )\___ | '_ | '_| | '_ \/ _` | \ \ \ \
 \\/  ___)| |_)| | | | | || (_| |  ) ) ) )
  '  |____| .__|_| |_|_| |_\__, | / / / /
 =========|_|==============|___/=/_/_/_/
 :: Spring Boot ::                (v3.2.5)

2024-05-15T12:27:41.412+02:00  INFO 27332 --- [PlaningPoker-G2-Backend] [           main] .P.PlaningPokerG2BackendApplicationTests : Starting PlaningPokerG2BackendApplicationTests using Java 21.0.2 with PID 27332 (started by mathi in C:\projekts\PlaningPoker-Backend)
2024-05-15T12:27:41.413+02:00  INFO 27332 --- [PlaningPoker-G2-Backend] [           main] .P.PlaningPokerG2BackendApplicationTests : No active profile set, falling back to 1 default profile: "default"
2024-05-15T12:27:41.945+02:00  INFO 27332 --- [PlaningPoker-G2-Backend] [           main] .s.d.r.c.RepositoryConfigurationDelegate : Bootstrapping Spring Data MongoDB repositories in DEFAULT mode.
2024-05-15T12:27:41.959+02:00  INFO 27332 --- [PlaningPoker-G2-Backend] [           main] .s.d.r.c.RepositoryConfigurationDelegate : Finished Spring Data repository scanning in 10 ms. Found 0 MongoDB repository interfaces.
2024-05-15T12:27:42.597+02:00  INFO 27332 --- [PlaningPoker-G2-Backend] [           main] o.s.s.web.DefaultSecurityFilterChain     : Will secure any request with [org.springframework.security.web.session.DisableEncodeUrlFilter@4e3f2908, org.springframework.security.web.context.request.async.WebAsyncManagerIntegrationFilter@7e87ef9e, org.springframework.security.web.context.SecurityContextHolderFilter@60aec68a, org.springframework.security.web.header.HeaderWriterFilter@889a8a8, org.springframework.web.filter.CorsFilter@e3b0369, org.springframework.security.web.csrf.CsrfFilter@35ef439e, org.springframework.security.web.authentication.logout.LogoutFilter@5e13f156, org.springframework.security.web.savedrequest.RequestCacheAwareFilter@6361b799, org.springframework.security.web.servletapi.SecurityContextHolderAwareRequestFilter@1b9d9a2b, org.springframework.security.web.authentication.AnonymousAuthenticationFilter@45843650, org.springframework.security.web.access.ExceptionTranslationFilter@34d713a2, org.springframework.security.web.access.intercept.AuthorizationFilter@3730f716]
2024-05-15T12:27:43.003+02:00  INFO 27332 --- [PlaningPoker-G2-Backend] [           main] org.mongodb.driver.client                : MongoClient with metadata {"driver": {"name": "mongo-java-driver|sync|spring-boot", "version": "4.11.2"}, "os": {"type": "Windows", "name": "Windows 11", "architecture": "amd64", "version": "10.0"}, "platform": "Java/Oracle Corporation/21.0.2+13-LTS-58"} created with settings MongoClientSettings{readPreference=primary, writeConcern=WriteConcern{w=null, wTimeout=null ms, journal=null}, retryWrites=true, retryReads=true, readConcern=ReadConcern{level=null}, credential=null, transportSettings=null, streamFactoryFactory=null, commandListeners=[], codecRegistry=ProvidersCodecRegistry{codecProviders=[ValueCodecProvider{}, BsonValueCodecProvider{}, DBRefCodecProvider{}, DBObjectCodecProvider{}, DocumentCodecProvider{}, CollectionCodecProvider{}, IterableCodecProvider{}, MapCodecProvider{}, GeoJsonCodecProvider{}, GridFSFileCodecProvider{}, Jsr310CodecProvider{}, JsonObjectCodecProvider{}, BsonCodecProvider{}, EnumCodecProvider{}, com.mongodb.client.model.mql.ExpressionCodecProvider@712e787e, com.mongodb.Jep395RecordCodecProvider@53ea380b, com.mongodb.KotlinCodecProvider@578c3fd9]}, loggerSettings=LoggerSettings{maxDocumentLength=1000}, clusterSettings={hosts=[localhost:27017], srvServiceName=mongodb, mode=SINGLE, requiredClusterType=UNKNOWN, requiredReplicaSetName='null', serverSelector='null', clusterListeners='[]', serverSelectionTimeout='30000 ms', localThreshold='15 ms'}, socketSettings=SocketSettings{connectTimeoutMS=10000, readTimeoutMS=0, receiveBufferSize=0, proxySettings=ProxySettings{host=null, port=null, username=null, password=null}}, heartbeatSocketSettings=SocketSettings{connectTimeoutMS=10000, readTimeoutMS=10000, receiveBufferSize=0, proxySettings=ProxySettings{host=null, port=null, username=null, password=null}}, connectionPoolSettings=ConnectionPoolSettings{maxSize=100, minSize=0, maxWaitTimeMS=120000, maxConnectionLifeTimeMS=0, maxConnectionIdleTimeMS=0, maintenanceInitialDelayMS=0, maintenanceFrequencyMS=60000, connectionPoolListeners=[], maxConnecting=2}, serverSettings=ServerSettings{heartbeatFrequencyMS=10000, minHeartbeatFrequencyMS=500, serverListeners='[]', serverMonitorListeners='[]'}, sslSettings=SslSettings{enabled=false, invalidHostNameAllowed=false, context=null}, applicationName='null', compressorList=[], uuidRepresentation=JAVA_LEGACY, serverApi=null, autoEncryptionSettings=null, dnsClient=null, inetAddressResolver=null, contextProvider=null}
2024-05-15T12:27:43.071+02:00  INFO 27332 --- [PlaningPoker-G2-Backend] [localhost:27017] org.mongodb.driver.cluster               : Monitor thread successfully connected to server with description ServerDescription{address=localhost:27017, type=STANDALONE, state=CONNECTED, ok=true, minWireVersion=0, maxWireVersion=21, maxDocumentSize=16777216, logicalSessionTimeoutMinutes=30, roundTripTimeNanos=68270300}
2024-05-15T12:27:43.414+02:00  INFO 27332 --- [PlaningPoker-G2-Backend] [           main] .P.PlaningPokerG2BackendApplicationTests : Started PlaningPokerG2BackendApplicationTests in 2.211 seconds (process running for 2.959)
]]></system-out>
    <system-err><![CDATA[WARNING: A Java agent has been loaded dynamically (C:\Users\mathi\.m2\repository\net\bytebuddy\byte-buddy-agent\1.14.13\byte-buddy-agent-1.14.13.jar)
WARNING: If a serviceability tool is in use, please run with -XX:+EnableDynamicAgentLoading to hide this warning
WARNING: If a serviceability tool is not in use, please run with -Djdk.instrument.traceUsage for more information
WARNING: Dynamic loading of agents will be disallowed by default in a future release
]]></system-err>
  </testcase>
</testsuite>